# JRE version: OpenJDK Runtime Environment (8.0_202-b03) (build 1.8.0_202-release-1483-b03)
# Java VM: OpenJDK 64-Bit Server VM (25.202-b03 mixed mode windows-amd64 compressed oops)
Heap:
 PSYoungGen      total 254976K, used 148184K [0x00000000e0000000, 0x00000000f2880000, 0x0000000100000000)
  eden space 237056K, 62% used [0x00000000e0000000,0x00000000e90b6028,0x00000000ee780000)
  from space 17920K, 0% used [0x00000000ef980000,0x00000000ef980000,0x00000000f0b00000)
  to   space 30208K, 0% used [0x00000000f0b00000,0x00000000f0b00000,0x00000000f2880000)
 ParOldGen       total 169984K, used 55970K [0x00000000a0000000, 0x00000000aa600000, 0x00000000e0000000)
  object space 169984K, 32% used [0x00000000a0000000,0x00000000a36a8a20,0x00000000aa600000)
 Metaspace       used 89412K, capacity 92692K, committed 96768K, reserved 1132544K
  class space    used 11417K, capacity 12073K, committed 12800K, reserved 1048576K
GC Heap History (10 events):
Event: 500.957 GC heap before
{Heap before GC invocations=21 (full 3):
 PSYoungGen      total 292352K, used 292320K [0x00000000e0000000, 0x00000000f6e00000, 0x0000000100000000)
  eden space 261120K, 100% used [0x00000000e0000000,0x00000000eff00000,0x00000000eff00000)
  from space 31232K, 99% used [0x00000000eff00000,0x00000000f1d783a8,0x00000000f1d80000)
  to   space 37888K, 0% used [0x00000000f4900000,0x00000000f4900000,0x00000000f6e00000)
 ParOldGen       total 169984K, used 64653K [0x00000000a0000000, 0x00000000aa600000, 0x00000000e0000000)
  object space 169984K, 38% used [0x00000000a0000000,0x00000000a3f23670,0x00000000aa600000)
 Metaspace       used 85363K, capacity 89578K, committed 89728K, reserved 1126400K
  class space    used 11087K, capacity 11860K, committed 11904K, reserved 1048576K
Event: 500.978 GC heap after
Heap after GC invocations=21 (full 3):
 PSYoungGen      total 268800K, used 15561K [0x00000000e0000000, 0x00000000f5880000, 0x0000000100000000)
  eden space 252928K, 0% used [0x00000000e0000000,0x00000000e0000000,0x00000000ef700000)
  from space 15872K, 98% used [0x00000000f4900000,0x00000000f58327e0,0x00000000f5880000)
  to   space 36352K, 0% used [0x00000000f1180000,0x00000000f1180000,0x00000000f3500000)
 ParOldGen       total 169984K, used 73308K [0x00000000a0000000, 0x00000000aa600000, 0x00000000e0000000)
  object space 169984K, 43% used [0x00000000a0000000,0x00000000a4797030,0x00000000aa600000)
 Metaspace       used 85363K, capacity 89578K, committed 89728K, reserved 1126400K
  class space    used 11087K, capacity 11860K, committed 11904K, reserved 1048576K
}
Event: 8708.053 GC heap before
{Heap before GC invocations=22 (full 3):
 PSYoungGen      total 268800K, used 268489K [0x00000000e0000000, 0x00000000f5880000, 0x0000000100000000)
  eden space 252928K, 100% used [0x00000000e0000000,0x00000000ef700000,0x00000000ef700000)
  from space 15872K, 98% used [0x00000000f4900000,0x00000000f58327e0,0x00000000f5880000)
  to   space 36352K, 0% used [0x00000000f1180000,0x00000000f1180000,0x00000000f3500000)
 ParOldGen       total 169984K, used 73308K [0x00000000a0000000, 0x00000000aa600000, 0x00000000e0000000)
  object space 169984K, 43% used [0x00000000a0000000,0x00000000a4797030,0x00000000aa600000)
 Metaspace       used 87487K, capacity 92112K, committed 92416K, reserved 1130496K
  class space    used 11324K, capacity 12161K, committed 12288K, reserved 1048576K
Event: 8708.090 GC heap after
Heap after GC invocations=22 (full 3):
 PSYoungGen      total 262144K, used 17146K [0x00000000e0000000, 0x00000000f4980000, 0x0000000100000000)
  eden space 244736K, 0% used [0x00000000e0000000,0x00000000e0000000,0x00000000eef00000)
  from space 17408K, 98% used [0x00000000f1180000,0x00000000f223eb20,0x00000000f2280000)
  to   space 34304K, 0% used [0x00000000f2800000,0x00000000f2800000,0x00000000f4980000)
 ParOldGen       total 169984K, used 73316K [0x00000000a0000000, 0x00000000aa600000, 0x00000000e0000000)
  object space 169984K, 43% used [0x00000000a0000000,0x00000000a4799030,0x00000000aa600000)
 Metaspace       used 87487K, capacity 92112K, committed 92416K, reserved 1130496K
  class space    used 11324K, capacity 12161K, committed 12288K, reserved 1048576K
}
Event: 8851.620 GC heap before
{Heap before GC invocations=23 (full 3):
 PSYoungGen      total 262144K, used 261882K [0x00000000e0000000, 0x00000000f4980000, 0x0000000100000000)
  eden space 244736K, 100% used [0x00000000e0000000,0x00000000eef00000,0x00000000eef00000)
  from space 17408K, 98% used [0x00000000f1180000,0x00000000f223eb20,0x00000000f2280000)
  to   space 34304K, 0% used [0x00000000f2800000,0x00000000f2800000,0x00000000f4980000)
 ParOldGen       total 169984K, used 73316K [0x00000000a0000000, 0x00000000aa600000, 0x00000000e0000000)
  object space 169984K, 43% used [0x00000000a0000000,0x00000000a4799030,0x00000000aa600000)
 Metaspace       used 90599K, capacity 95332K, committed 95488K, reserved 1132544K
  class space    used 11648K, capacity 12537K, committed 12544K, reserved 1048576K
Event: 8851.637 GC heap after
Heap after GC invocations=23 (full 3):
 PSYoungGen      total 257024K, used 19725K [0x00000000e0000000, 0x00000000f3b80000, 0x0000000100000000)
  eden space 237056K, 0% used [0x00000000e0000000,0x00000000e0000000,0x00000000ee780000)
  from space 19968K, 98% used [0x00000000f2800000,0x00000000f3b43590,0x00000000f3b80000)
  to   space 33792K, 0% used [0x00000000ef980000,0x00000000ef980000,0x00000000f1a80000)
 ParOldGen       total 169984K, used 73324K [0x00000000a0000000, 0x00000000aa600000, 0x00000000e0000000)
  object space 169984K, 43% used [0x00000000a0000000,0x00000000a479b030,0x00000000aa600000)
 Metaspace       used 90599K, capacity 95332K, committed 95488K, reserved 1132544K
  class space    used 11648K, capacity 12537K, committed 12544K, reserved 1048576K
}
Event: 8856.046 GC heap before
{Heap before GC invocations=24 (full 3):
 PSYoungGen      total 257024K, used 108171K [0x00000000e0000000, 0x00000000f3b80000, 0x0000000100000000)
  eden space 237056K, 37% used [0x00000000e0000000,0x00000000e565f750,0x00000000ee780000)
  from space 19968K, 98% used [0x00000000f2800000,0x00000000f3b43590,0x00000000f3b80000)
  to   space 33792K, 0% used [0x00000000ef980000,0x00000000ef980000,0x00000000f1a80000)
 ParOldGen       total 169984K, used 73324K [0x00000000a0000000, 0x00000000aa600000, 0x00000000e0000000)
  object space 169984K, 43% used [0x00000000a0000000,0x00000000a479b030,0x00000000aa600000)
 Metaspace       used 91799K, capacity 96532K, committed 96768K, reserved 1132544K
  class space    used 11834K, capacity 12737K, committed 12800K, reserved 1048576K
Event: 8856.061 GC heap after
Heap after GC invocations=24 (full 3):
 PSYoungGen      total 254976K, used 17847K [0x00000000e0000000, 0x00000000f2880000, 0x0000000100000000)
  eden space 237056K, 0% used [0x00000000e0000000,0x00000000e0000000,0x00000000ee780000)
  from space 17920K, 99% used [0x00000000ef980000,0x00000000f0aedf58,0x00000000f0b00000)
  to   space 30208K, 0% used [0x00000000f0b00000,0x00000000f0b00000,0x00000000f2880000)
 ParOldGen       total 169984K, used 73332K [0x00000000a0000000, 0x00000000aa600000, 0x00000000e0000000)
  object space 169984K, 43% used [0x00000000a0000000,0x00000000a479d030,0x00000000aa600000)
 Metaspace       used 91799K, capacity 96532K, committed 96768K, reserved 1132544K
  class space    used 11834K, capacity 12737K, committed 12800K, reserved 1048576K
}
Event: 8856.061 GC heap before
{Heap before GC invocations=25 (full 4):
 PSYoungGen      total 254976K, used 17847K [0x00000000e0000000, 0x00000000f2880000, 0x0000000100000000)
  eden space 237056K, 0% used [0x00000000e0000000,0x00000000e0000000,0x00000000ee780000)
  from space 17920K, 99% used [0x00000000ef980000,0x00000000f0aedf58,0x00000000f0b00000)
  to   space 30208K, 0% used [0x00000000f0b00000,0x00000000f0b00000,0x00000000f2880000)
 ParOldGen       total 169984K, used 73332K [0x00000000a0000000, 0x00000000aa600000, 0x00000000e0000000)
  object space 169984K, 43% used [0x00000000a0000000,0x00000000a479d030,0x00000000aa600000)
 Metaspace       used 91799K, capacity 96532K, committed 96768K, reserved 1132544K
  class space    used 11834K, capacity 12737K, committed 12800K, reserved 1048576K
Event: 8856.315 GC heap after
Heap after GC invocations=25 (full 4):
 PSYoungGen      total 254976K, used 0K [0x00000000e0000000, 0x00000000f2880000, 0x0000000100000000)
  eden space 237056K, 0% used [0x00000000e0000000,0x00000000e0000000,0x00000000ee780000)
  from space 17920K, 0% used [0x00000000ef980000,0x00000000ef980000,0x00000000f0b00000)
  to   space 30208K, 0% used [0x00000000f0b00000,0x00000000f0b00000,0x00000000f2880000)
 ParOldGen       total 169984K, used 55970K [0x00000000a0000000, 0x00000000aa600000, 0x00000000e0000000)
  object space 169984K, 32% used [0x00000000a0000000,0x00000000a36a8a20,0x00000000aa600000)
 Metaspace       used 88769K, capacity 91942K, committed 96768K, reserved 1132544K
  class space    used 11319K, capacity 11966K, committed 12800K, reserved 1048576K
}

