# JRE version: OpenJDK Runtime Environment (8.0_202-b03) (build 1.8.0_202-release-1483-b03)
# Java VM: OpenJDK 64-Bit Server VM (25.202-b03 mixed mode windows-amd64 compressed oops)
Heap:
 PSYoungGen      total 326656K, used 173565K [0x00000000e0000000, 0x00000000f6000000, 0x0000000100000000)
  eden space 298496K, 51% used [0x00000000e0000000,0x00000000e94b8ea0,0x00000000f2380000)
  from space 28160K, 75% used [0x00000000f2380000,0x00000000f3846958,0x00000000f3f00000)
  to   space 27136K, 0% used [0x00000000f3f00000,0x00000000f3f00000,0x00000000f5980000)
 ParOldGen       total 171008K, used 38331K [0x00000000a0000000, 0x00000000aa700000, 0x00000000e0000000)
  object space 171008K, 22% used [0x00000000a0000000,0x00000000a256eeb0,0x00000000aa700000)
 Metaspace       used 74129K, capacity 77064K, committed 77144K, reserved 1116160K
  class space    used 9955K, capacity 10549K, committed 10624K, reserved 1048576K
GC Heap History (10 events):
Event: 8.610 GC heap before
{Heap before GC invocations=10 (full 2):
 PSYoungGen      total 172032K, used 118316K [0x00000000e0000000, 0x00000000f1700000, 0x0000000100000000)
  eden space 156672K, 65% used [0x00000000e0000000,0x00000000e6491d18,0x00000000e9900000)
  from space 15360K, 99% used [0x00000000e9900000,0x00000000ea7f9408,0x00000000ea800000)
  to   space 19456K, 0% used [0x00000000f0400000,0x00000000f0400000,0x00000000f1700000)
 ParOldGen       total 121344K, used 23939K [0x00000000a0000000, 0x00000000a7680000, 0x00000000e0000000)
  object space 121344K, 19% used [0x00000000a0000000,0x00000000a1760ee0,0x00000000a7680000)
 Metaspace       used 57331K, capacity 58942K, committed 59096K, reserved 1099776K
  class space    used 7762K, capacity 8164K, committed 8192K, reserved 1048576K
Event: 8.648 GC heap after
Heap after GC invocations=10 (full 2):
 PSYoungGen      total 263168K, used 19439K [0x00000000e0000000, 0x00000000f2480000, 0x0000000100000000)
  eden space 243712K, 0% used [0x00000000e0000000,0x00000000e0000000,0x00000000eee00000)
  from space 19456K, 99% used [0x00000000f0400000,0x00000000f16fbc18,0x00000000f1700000)
  to   space 22528K, 0% used [0x00000000eee00000,0x00000000eee00000,0x00000000f0400000)
 ParOldGen       total 121344K, used 24541K [0x00000000a0000000, 0x00000000a7680000, 0x00000000e0000000)
  object space 121344K, 20% used [0x00000000a0000000,0x00000000a17f7578,0x00000000a7680000)
 Metaspace       used 57331K, capacity 58942K, committed 59096K, reserved 1099776K
  class space    used 7762K, capacity 8164K, committed 8192K, reserved 1048576K
}
Event: 8.648 GC heap before
{Heap before GC invocations=11 (full 3):
 PSYoungGen      total 263168K, used 19439K [0x00000000e0000000, 0x00000000f2480000, 0x0000000100000000)
  eden space 243712K, 0% used [0x00000000e0000000,0x00000000e0000000,0x00000000eee00000)
  from space 19456K, 99% used [0x00000000f0400000,0x00000000f16fbc18,0x00000000f1700000)
  to   space 22528K, 0% used [0x00000000eee00000,0x00000000eee00000,0x00000000f0400000)
 ParOldGen       total 121344K, used 24541K [0x00000000a0000000, 0x00000000a7680000, 0x00000000e0000000)
  object space 121344K, 20% used [0x00000000a0000000,0x00000000a17f7578,0x00000000a7680000)
 Metaspace       used 57331K, capacity 58942K, committed 59096K, reserved 1099776K
  class space    used 7762K, capacity 8164K, committed 8192K, reserved 1048576K
Event: 8.814 GC heap after
Heap after GC invocations=11 (full 3):
 PSYoungGen      total 263168K, used 0K [0x00000000e0000000, 0x00000000f2480000, 0x0000000100000000)
  eden space 243712K, 0% used [0x00000000e0000000,0x00000000e0000000,0x00000000eee00000)
  from space 19456K, 0% used [0x00000000f0400000,0x00000000f0400000,0x00000000f1700000)
  to   space 22528K, 0% used [0x00000000eee00000,0x00000000eee00000,0x00000000f0400000)
 ParOldGen       total 171008K, used 34836K [0x00000000a0000000, 0x00000000aa700000, 0x00000000e0000000)
  object space 171008K, 20% used [0x00000000a0000000,0x00000000a22050e8,0x00000000aa700000)
 Metaspace       used 57331K, capacity 58942K, committed 59096K, reserved 1099776K
  class space    used 7762K, capacity 8164K, committed 8192K, reserved 1048576K
}
Event: 23.585 GC heap before
{Heap before GC invocations=12 (full 3):
 PSYoungGen      total 263168K, used 243712K [0x00000000e0000000, 0x00000000f2480000, 0x0000000100000000)
  eden space 243712K, 100% used [0x00000000e0000000,0x00000000eee00000,0x00000000eee00000)
  from space 19456K, 0% used [0x00000000f0400000,0x00000000f0400000,0x00000000f1700000)
  to   space 22528K, 0% used [0x00000000eee00000,0x00000000eee00000,0x00000000f0400000)
 ParOldGen       total 171008K, used 34836K [0x00000000a0000000, 0x00000000aa700000, 0x00000000e0000000)
  object space 171008K, 20% used [0x00000000a0000000,0x00000000a22050e8,0x00000000aa700000)
 Metaspace       used 70802K, capacity 73294K, committed 73560K, reserved 1112064K
  class space    used 9700K, capacity 10258K, committed 10368K, reserved 1048576K
Event: 23.605 GC heap after
Heap after GC invocations=12 (full 3):
 PSYoungGen      total 266240K, used 22503K [0x00000000e0000000, 0x00000000f5980000, 0x0000000100000000)
  eden space 243712K, 0% used [0x00000000e0000000,0x00000000e0000000,0x00000000eee00000)
  from space 22528K, 99% used [0x00000000eee00000,0x00000000f03f9c70,0x00000000f0400000)
  to   space 27136K, 0% used [0x00000000f3f00000,0x00000000f3f00000,0x00000000f5980000)
 ParOldGen       total 171008K, used 38315K [0x00000000a0000000, 0x00000000aa700000, 0x00000000e0000000)
  object space 171008K, 22% used [0x00000000a0000000,0x00000000a256aeb0,0x00000000aa700000)
 Metaspace       used 70802K, capacity 73294K, committed 73560K, reserved 1112064K
  class space    used 9700K, capacity 10258K, committed 10368K, reserved 1048576K
}
Event: 25.317 GC heap before
{Heap before GC invocations=13 (full 3):
 PSYoungGen      total 266240K, used 266215K [0x00000000e0000000, 0x00000000f5980000, 0x0000000100000000)
  eden space 243712K, 100% used [0x00000000e0000000,0x00000000eee00000,0x00000000eee00000)
  from space 22528K, 99% used [0x00000000eee00000,0x00000000f03f9c70,0x00000000f0400000)
  to   space 27136K, 0% used [0x00000000f3f00000,0x00000000f3f00000,0x00000000f5980000)
 ParOldGen       total 171008K, used 38315K [0x00000000a0000000, 0x00000000aa700000, 0x00000000e0000000)
  object space 171008K, 22% used [0x00000000a0000000,0x00000000a256aeb0,0x00000000aa700000)
 Metaspace       used 72980K, capacity 75844K, committed 75992K, reserved 1114112K
  class space    used 9870K, capacity 10455K, committed 10496K, reserved 1048576K
Event: 25.368 GC heap after
Heap after GC invocations=13 (full 3):
 PSYoungGen      total 325632K, used 19445K [0x00000000e0000000, 0x00000000f6000000, 0x0000000100000000)
  eden space 298496K, 0% used [0x00000000e0000000,0x00000000e0000000,0x00000000f2380000)
  from space 27136K, 71% used [0x00000000f3f00000,0x00000000f51fd440,0x00000000f5980000)
  to   space 28160K, 0% used [0x00000000f2380000,0x00000000f2380000,0x00000000f3f00000)
 ParOldGen       total 171008K, used 38315K [0x00000000a0000000, 0x00000000aa700000, 0x00000000e0000000)
  object space 171008K, 22% used [0x00000000a0000000,0x00000000a256aeb0,0x00000000aa700000)
 Metaspace       used 72980K, capacity 75844K, committed 75992K, reserved 1114112K
  class space    used 9870K, capacity 10455K, committed 10496K, reserved 1048576K
}
Event: 27.297 GC heap before
{Heap before GC invocations=14 (full 3):
 PSYoungGen      total 325632K, used 317941K [0x00000000e0000000, 0x00000000f6000000, 0x0000000100000000)
  eden space 298496K, 100% used [0x00000000e0000000,0x00000000f2380000,0x00000000f2380000)
  from space 27136K, 71% used [0x00000000f3f00000,0x00000000f51fd440,0x00000000f5980000)
  to   space 28160K, 0% used [0x00000000f2380000,0x00000000f2380000,0x00000000f3f00000)
 ParOldGen       total 171008K, used 38315K [0x00000000a0000000, 0x00000000aa700000, 0x00000000e0000000)
  object space 171008K, 22% used [0x00000000a0000000,0x00000000a256aeb0,0x00000000aa700000)
 Metaspace       used 73717K, capacity 76616K, committed 76760K, reserved 1116160K
  class space    used 9905K, capacity 10495K, committed 10496K, reserved 1048576K
Event: 27.352 GC heap after
Heap after GC invocations=14 (full 3):
 PSYoungGen      total 326656K, used 21274K [0x00000000e0000000, 0x00000000f6000000, 0x0000000100000000)
  eden space 298496K, 0% used [0x00000000e0000000,0x00000000e0000000,0x00000000f2380000)
  from space 28160K, 75% used [0x00000000f2380000,0x00000000f3846958,0x00000000f3f00000)
  to   space 27136K, 0% used [0x00000000f3f00000,0x00000000f3f00000,0x00000000f5980000)
 ParOldGen       total 171008K, used 38331K [0x00000000a0000000, 0x00000000aa700000, 0x00000000e0000000)
  object space 171008K, 22% used [0x00000000a0000000,0x00000000a256eeb0,0x00000000aa700000)
 Metaspace       used 73717K, capacity 76616K, committed 76760K, reserved 1116160K
  class space    used 9905K, capacity 10495K, committed 10496K, reserved 1048576K
}

