# JRE version: OpenJDK Runtime Environment (8.0_202-b03) (build 1.8.0_202-release-1483-b03)
# Java VM: OpenJDK 64-Bit Server VM (25.202-b03 mixed mode windows-amd64 compressed oops)
Heap:
 PSYoungGen      total 301056K, used 178715K [0x00000000e0000000, 0x00000000f4580000, 0x0000000100000000)
  eden space 278016K, 55% used [0x00000000e0000000,0x00000000e9806d90,0x00000000f0f80000)
  from space 23040K, 99% used [0x00000000f2e00000,0x00000000f447ff48,0x00000000f4480000)
  to   space 27648K, 0% used [0x00000000f0f80000,0x00000000f0f80000,0x00000000f2a80000)
 ParOldGen       total 173056K, used 38873K [0x00000000a0000000, 0x00000000aa900000, 0x00000000e0000000)
  object space 173056K, 22% used [0x00000000a0000000,0x00000000a25f6500,0x00000000aa900000)
 Metaspace       used 77105K, capacity 79928K, committed 80088K, reserved 1122304K
  class space    used 10431K, capacity 10999K, committed 11008K, reserved 1048576K
GC Heap History (10 events):
Event: 7.644 GC heap before
{Heap before GC invocations=9 (full 2):
 PSYoungGen      total 171520K, used 158720K [0x00000000e0000000, 0x00000000eb980000, 0x0000000100000000)
  eden space 158720K, 100% used [0x00000000e0000000,0x00000000e9b00000,0x00000000e9b00000)
  from space 12800K, 0% used [0x00000000ead00000,0x00000000ead00000,0x00000000eb980000)
  to   space 14848K, 0% used [0x00000000e9c80000,0x00000000e9c80000,0x00000000eab00000)
 ParOldGen       total 119296K, used 19479K [0x00000000a0000000, 0x00000000a7480000, 0x00000000e0000000)
  object space 119296K, 16% used [0x00000000a0000000,0x00000000a1305f40,0x00000000a7480000)
 Metaspace       used 49530K, capacity 50776K, committed 50816K, reserved 1093632K
  class space    used 6673K, capacity 7009K, committed 7040K, reserved 1048576K
Event: 7.680 GC heap after
Heap after GC invocations=9 (full 2):
 PSYoungGen      total 175104K, used 14832K [0x00000000e0000000, 0x00000000f1480000, 0x0000000100000000)
  eden space 160256K, 0% used [0x00000000e0000000,0x00000000e0000000,0x00000000e9c80000)
  from space 14848K, 99% used [0x00000000e9c80000,0x00000000eaafc050,0x00000000eab00000)
  to   space 19456K, 0% used [0x00000000f0180000,0x00000000f0180000,0x00000000f1480000)
 ParOldGen       total 119296K, used 24575K [0x00000000a0000000, 0x00000000a7480000, 0x00000000e0000000)
  object space 119296K, 20% used [0x00000000a0000000,0x00000000a17ffe40,0x00000000a7480000)
 Metaspace       used 49530K, capacity 50776K, committed 50816K, reserved 1093632K
  class space    used 6673K, capacity 7009K, committed 7040K, reserved 1048576K
}
Event: 9.126 GC heap before
{Heap before GC invocations=10 (full 2):
 PSYoungGen      total 175104K, used 115601K [0x00000000e0000000, 0x00000000f1480000, 0x0000000100000000)
  eden space 160256K, 62% used [0x00000000e0000000,0x00000000e62685c0,0x00000000e9c80000)
  from space 14848K, 99% used [0x00000000e9c80000,0x00000000eaafc050,0x00000000eab00000)
  to   space 19456K, 0% used [0x00000000f0180000,0x00000000f0180000,0x00000000f1480000)
 ParOldGen       total 119296K, used 24575K [0x00000000a0000000, 0x00000000a7480000, 0x00000000e0000000)
  object space 119296K, 20% used [0x00000000a0000000,0x00000000a17ffe40,0x00000000a7480000)
 Metaspace       used 57346K, capacity 58938K, committed 59096K, reserved 1099776K
  class space    used 7759K, capacity 8164K, committed 8192K, reserved 1048576K
Event: 9.143 GC heap after
Heap after GC invocations=10 (full 2):
 PSYoungGen      total 260608K, used 19434K [0x00000000e0000000, 0x00000000f1980000, 0x0000000100000000)
  eden space 241152K, 0% used [0x00000000e0000000,0x00000000e0000000,0x00000000eeb80000)
  from space 19456K, 99% used [0x00000000f0180000,0x00000000f147a920,0x00000000f1480000)
  to   space 22528K, 0% used [0x00000000eeb80000,0x00000000eeb80000,0x00000000f0180000)
 ParOldGen       total 119296K, used 25026K [0x00000000a0000000, 0x00000000a7480000, 0x00000000e0000000)
  object space 119296K, 20% used [0x00000000a0000000,0x00000000a1870a50,0x00000000a7480000)
 Metaspace       used 57346K, capacity 58938K, committed 59096K, reserved 1099776K
  class space    used 7759K, capacity 8164K, committed 8192K, reserved 1048576K
}
Event: 9.143 GC heap before
{Heap before GC invocations=11 (full 3):
 PSYoungGen      total 260608K, used 19434K [0x00000000e0000000, 0x00000000f1980000, 0x0000000100000000)
  eden space 241152K, 0% used [0x00000000e0000000,0x00000000e0000000,0x00000000eeb80000)
  from space 19456K, 99% used [0x00000000f0180000,0x00000000f147a920,0x00000000f1480000)
  to   space 22528K, 0% used [0x00000000eeb80000,0x00000000eeb80000,0x00000000f0180000)
 ParOldGen       total 119296K, used 25026K [0x00000000a0000000, 0x00000000a7480000, 0x00000000e0000000)
  object space 119296K, 20% used [0x00000000a0000000,0x00000000a1870a50,0x00000000a7480000)
 Metaspace       used 57346K, capacity 58938K, committed 59096K, reserved 1099776K
  class space    used 7759K, capacity 8164K, committed 8192K, reserved 1048576K
Event: 9.312 GC heap after
Heap after GC invocations=11 (full 3):
 PSYoungGen      total 260608K, used 0K [0x00000000e0000000, 0x00000000f1980000, 0x0000000100000000)
  eden space 241152K, 0% used [0x00000000e0000000,0x00000000e0000000,0x00000000eeb80000)
  from space 19456K, 0% used [0x00000000f0180000,0x00000000f0180000,0x00000000f1480000)
  to   space 22528K, 0% used [0x00000000eeb80000,0x00000000eeb80000,0x00000000f0180000)
 ParOldGen       total 173056K, used 34667K [0x00000000a0000000, 0x00000000aa900000, 0x00000000e0000000)
  object space 173056K, 20% used [0x00000000a0000000,0x00000000a21dae88,0x00000000aa900000)
 Metaspace       used 57346K, capacity 58938K, committed 59096K, reserved 1099776K
  class space    used 7759K, capacity 8164K, committed 8192K, reserved 1048576K
}
Event: 16.796 GC heap before
{Heap before GC invocations=12 (full 3):
 PSYoungGen      total 260608K, used 241152K [0x00000000e0000000, 0x00000000f1980000, 0x0000000100000000)
  eden space 241152K, 100% used [0x00000000e0000000,0x00000000eeb80000,0x00000000eeb80000)
  from space 19456K, 0% used [0x00000000f0180000,0x00000000f0180000,0x00000000f1480000)
  to   space 22528K, 0% used [0x00000000eeb80000,0x00000000eeb80000,0x00000000f0180000)
 ParOldGen       total 173056K, used 34667K [0x00000000a0000000, 0x00000000aa900000, 0x00000000e0000000)
  object space 173056K, 20% used [0x00000000a0000000,0x00000000a21dae88,0x00000000aa900000)
 Metaspace       used 63189K, capacity 65228K, committed 65368K, reserved 1105920K
  class space    used 8549K, capacity 8985K, committed 9088K, reserved 1048576K
Event: 16.809 GC heap after
Heap after GC invocations=12 (full 3):
 PSYoungGen      total 263680K, used 16175K [0x00000000e0000000, 0x00000000f4480000, 0x0000000100000000)
  eden space 241152K, 0% used [0x00000000e0000000,0x00000000e0000000,0x00000000eeb80000)
  from space 22528K, 71% used [0x00000000eeb80000,0x00000000efb4be00,0x00000000f0180000)
  to   space 23040K, 0% used [0x00000000f2e00000,0x00000000f2e00000,0x00000000f4480000)
 ParOldGen       total 173056K, used 34675K [0x00000000a0000000, 0x00000000aa900000, 0x00000000e0000000)
  object space 173056K, 20% used [0x00000000a0000000,0x00000000a21dce88,0x00000000aa900000)
 Metaspace       used 63189K, capacity 65228K, committed 65368K, reserved 1105920K
  class space    used 8549K, capacity 8985K, committed 9088K, reserved 1048576K
}
Event: 65.201 GC heap before
{Heap before GC invocations=13 (full 3):
 PSYoungGen      total 263680K, used 257327K [0x00000000e0000000, 0x00000000f4480000, 0x0000000100000000)
  eden space 241152K, 100% used [0x00000000e0000000,0x00000000eeb80000,0x00000000eeb80000)
  from space 22528K, 71% used [0x00000000eeb80000,0x00000000efb4be00,0x00000000f0180000)
  to   space 23040K, 0% used [0x00000000f2e00000,0x00000000f2e00000,0x00000000f4480000)
 ParOldGen       total 173056K, used 34675K [0x00000000a0000000, 0x00000000aa900000, 0x00000000e0000000)
  object space 173056K, 20% used [0x00000000a0000000,0x00000000a21dce88,0x00000000aa900000)
 Metaspace       used 73800K, capacity 76250K, committed 76504K, reserved 1116160K
  class space    used 9935K, capacity 10438K, committed 10496K, reserved 1048576K
Event: 65.223 GC heap after
Heap after GC invocations=13 (full 3):
 PSYoungGen      total 301056K, used 23039K [0x00000000e0000000, 0x00000000f4580000, 0x0000000100000000)
  eden space 278016K, 0% used [0x00000000e0000000,0x00000000e0000000,0x00000000f0f80000)
  from space 23040K, 99% used [0x00000000f2e00000,0x00000000f447ff48,0x00000000f4480000)
  to   space 27648K, 0% used [0x00000000f0f80000,0x00000000f0f80000,0x00000000f2a80000)
 ParOldGen       total 173056K, used 38873K [0x00000000a0000000, 0x00000000aa900000, 0x00000000e0000000)
  object space 173056K, 22% used [0x00000000a0000000,0x00000000a25f6500,0x00000000aa900000)
 Metaspace       used 73800K, capacity 76250K, committed 76504K, reserved 1116160K
  class space    used 9935K, capacity 10438K, committed 10496K, reserved 1048576K
}

